# prt-get sysup
prt-get: updating /usr/ports/opt/python3-pyproject-hooks
=======> Package '/var/build/packages/python3-pyproject-hooks#1.2.0-2.pkg.tar.xz' is up to date.
prt-get: updating python3-pyproject-hooks from 1.2.0-1 to 1.2.0-2
usr/lib/python3.12/site-packages/pyproject_hooks/__pycache__/__init__.cpython-312.pyc
usr/lib/python3.12/site-packages/pyproject_hooks/__pycache__/_impl.cpython-312.pyc
usr/lib/python3.12/site-packages/pyproject_hooks/_in_process/__pycache__/__init__.cpython-312.pyc
pkgadd: listed file(s) already installed (use -f to ignore and overwrite)
prt-get: updating /usr/ports/opt/python3-packaging
=======> Package '/var/build/packages/python3-packaging#25.0-2.pkg.tar.xz' is up to date.
prt-get: updating python3-packaging from 25.0-1 to 25.0-2
usr/lib/python3.12/site-packages/packaging/__pycache__/__init__.cpython-312.pyc
usr/lib/python3.12/site-packages/packaging/__pycache__/_elffile.cpython-312.pyc
usr/lib/python3.12/site-packages/packaging/__pycache__/_manylinux.cpython-312.pyc
usr/lib/python3.12/site-packages/packaging/__pycache__/_musllinux.cpython-312.pyc
usr/lib/python3.12/site-packages/packaging/__pycache__/_parser.cpython-312.pyc
usr/lib/python3.12/site-packages/packaging/__pycache__/_structures.cpython-312.pyc
usr/lib/python3.12/site-packages/packaging/__pycache__/_tokenizer.cpython-312.pyc
usr/lib/python3.12/site-packages/packaging/__pycache__/markers.cpython-312.pyc
usr/lib/python3.12/site-packages/packaging/__pycache__/requirements.cpython-312.pyc
usr/lib/python3.12/site-packages/packaging/__pycache__/specifiers.cpython-312.pyc
usr/lib/python3.12/site-packages/packaging/__pycache__/tags.cpython-312.pyc
usr/lib/python3.12/site-packages/packaging/__pycache__/utils.cpython-312.pyc
usr/lib/python3.12/site-packages/packaging/__pycache__/version.cpython-312.pyc
usr/lib/python3.12/site-packages/packaging/licenses/__pycache__/__init__.cpython-312.pyc
usr/lib/python3.12/site-packages/packaging/licenses/__pycache__/_spdx.cpython-312.pyc
pkgadd: listed file(s) already installed (use -f to ignore and overwrite)
prt-get: updating /usr/ports/opt/python3-wheel
=======> Package '/var/build/packages/python3-wheel#0.46.1-2.pkg.tar.xz' is up to date.
prt-get: updating python3-wheel from 0.46.1-1 to 0.46.1-2
usr/lib/python3.12/site-packages/wheel/__pycache__/__init__.cpython-312.pyc
usr/lib/python3.12/site-packages/wheel/__pycache__/bdist_wheel.cpython-312.pyc
usr/lib/python3.12/site-packages/wheel/__pycache__/wheelfile.cpython-312.pyc
pkgadd: listed file(s) already installed (use -f to ignore and overwrite)
prt-get: updating /usr/ports/opt/python3-cython
=======> Package '/var/build/packages/python3-cython#3.0.12-2.pkg.tar.xz' is up to date.
prt-get: updating python3-cython from 3.0.12-1 to 3.0.12-2
usr/lib/python3.12/site-packages/Cython/Build/__pycache__/Dependencies.cpython-312.pyc
usr/lib/python3.12/site-packages/Cython/Build/__pycache__/__init__.cpython-312.pyc
usr/lib/python3.12/site-packages/Cython/Compiler/__pycache__/AnalysedTreeTransforms.cpython-312.pyc
usr/lib/python3.12/site-packages/Cython/Compiler/__pycache__/Annotate.cpython-312.pyc
usr/lib/python3.12/site-packages/Cython/Compiler/__pycache__/AutoDocTransforms.cpython-312.pyc
usr/lib/python3.12/site-packages/Cython/Compiler/__pycache__/Buffer.cpython-312.pyc
usr/lib/python3.12/site-packages/Cython/Compiler/__pycache__/Builtin.cpython-312.pyc
usr/lib/python3.12/site-packages/Cython/Compiler/__pycache__/CmdLine.cpython-312.pyc
usr/lib/python3.12/site-packages/Cython/Compiler/__pycache__/CodeGeneration.cpython-312.pyc
usr/lib/python3.12/site-packages/Cython/Compiler/__pycache__/CythonScope.cpython-312.pyc
usr/lib/python3.12/site-packages/Cython/Compiler/__pycache__/DebugFlags.cpython-312.pyc
usr/lib/python3.12/site-packages/Cython/Compiler/__pycache__/Errors.cpython-312.pyc
usr/lib/python3.12/site-packages/Cython/Compiler/__pycache__/ExprNodes.cpython-312.pyc
usr/lib/python3.12/site-packages/Cython/Compiler/__pycache__/Future.cpython-312.pyc
usr/lib/python3.12/site-packages/Cython/Compiler/__pycache__/Interpreter.cpython-312.pyc
usr/lib/python3.12/site-packages/Cython/Compiler/__pycache__/Lexicon.cpython-312.pyc
usr/lib/python3.12/site-packages/Cython/Compiler/__pycache__/Main.cpython-312.pyc
usr/lib/python3.12/site-packages/Cython/Compiler/__pycache__/MemoryView.cpython-312.pyc
usr/lib/python3.12/site-packages/Cython/Compiler/__pycache__/ModuleNode.cpython-312.pyc
usr/lib/python3.12/site-packages/Cython/Compiler/__pycache__/Naming.cpython-312.pyc
usr/lib/python3.12/site-packages/Cython/Compiler/__pycache__/Nodes.cpython-312.pyc
usr/lib/python3.12/site-packages/Cython/Compiler/__pycache__/Optimize.cpython-312.pyc
usr/lib/python3.12/site-packages/Cython/Compiler/__pycache__/Options.cpython-312.pyc
usr/lib/python3.12/site-packages/Cython/Compiler/__pycache__/ParseTreeTransforms.cpython-312.pyc
usr/lib/python3.12/site-packages/Cython/Compiler/__pycache__/Pipeline.cpython-312.pyc
usr/lib/python3.12/site-packages/Cython/Compiler/__pycache__/PyrexTypes.cpython-312.pyc
usr/lib/python3.12/site-packages/Cython/Compiler/__pycache__/Pythran.cpython-312.pyc
usr/lib/python3.12/site-packages/Cython/Compiler/__pycache__/StringEncoding.cpython-312.pyc
usr/lib/python3.12/site-packages/Cython/Compiler/__pycache__/Symtab.cpython-312.pyc
usr/lib/python3.12/site-packages/Cython/Compiler/__pycache__/TreeFragment.cpython-312.pyc
usr/lib/python3.12/site-packages/Cython/Compiler/__pycache__/TypeInference.cpython-312.pyc
usr/lib/python3.12/site-packages/Cython/Compiler/__pycache__/TypeSlots.cpython-312.pyc
usr/lib/python3.12/site-packages/Cython/Compiler/__pycache__/UtilNodes.cpython-312.pyc
usr/lib/python3.12/site-packages/Cython/Compiler/__pycache__/UtilityCode.cpython-312.pyc
usr/lib/python3.12/site-packages/Cython/Compiler/__pycache__/Version.cpython-312.pyc
usr/lib/python3.12/site-packages/Cython/Compiler/__pycache__/__init__.cpython-312.pyc
usr/lib/python3.12/site-packages/Cython/Distutils/__pycache__/__init__.cpython-312.pyc
usr/lib/python3.12/site-packages/Cython/Distutils/__pycache__/build_ext.cpython-312.pyc
usr/lib/python3.12/site-packages/Cython/Distutils/__pycache__/extension.cpython-312.pyc
usr/lib/python3.12/site-packages/Cython/Distutils/__pycache__/old_build_ext.cpython-312.pyc
usr/lib/python3.12/site-packages/Cython/Plex/__pycache__/Errors.cpython-312.pyc
usr/lib/python3.12/site-packages/Cython/Plex/__pycache__/Lexicons.cpython-312.pyc
usr/lib/python3.12/site-packages/Cython/Plex/__pycache__/Regexps.cpython-312.pyc
usr/lib/python3.12/site-packages/Cython/Plex/__pycache__/__init__.cpython-312.pyc
usr/lib/python3.12/site-packages/Cython/Tempita/__pycache__/__init__.cpython-312.pyc
usr/lib/python3.12/site-packages/Cython/Tempita/__pycache__/_looper.cpython-312.pyc
usr/lib/python3.12/site-packages/Cython/Tempita/__pycache__/compat3.cpython-312.pyc
usr/lib/python3.12/site-packages/Cython/Utility/__pycache__/__init__.cpython-312.pyc
usr/lib/python3.12/site-packages/Cython/__pycache__/CodeWriter.cpython-312.pyc
usr/lib/python3.12/site-packages/Cython/__pycache__/Debugging.cpython-312.pyc
usr/lib/python3.12/site-packages/Cython/__pycache__/Shadow.cpython-312.pyc
usr/lib/python3.12/site-packages/Cython/__pycache__/__init__.cpython-312.pyc
usr/lib/python3.12/site-packages/__pycache__/cython.cpython-312.pyc
pkgadd: listed file(s) already installed (use -f to ignore and overwrite)
prt-get: updating /usr/ports/contrib/python3-docutils
=======> Package '/var/build/packages/python3-docutils#0.21.2-2.pkg.tar.xz' is up to date.
prt-get: updating python3-docutils from 0.21.2-1 to 0.21.2-2
usr/lib/python3.12/site-packages/docutils/__pycache__/__init__.cpython-312.pyc
usr/lib/python3.12/site-packages/docutils/__pycache__/core.cpython-312.pyc
usr/lib/python3.12/site-packages/docutils/__pycache__/frontend.cpython-312.pyc
usr/lib/python3.12/site-packages/docutils/__pycache__/io.cpython-312.pyc
usr/lib/python3.12/site-packages/docutils/__pycache__/nodes.cpython-312.pyc
usr/lib/python3.12/site-packages/docutils/__pycache__/statemachine.cpython-312.pyc
usr/lib/python3.12/site-packages/docutils/languages/__pycache__/__init__.cpython-312.pyc
usr/lib/python3.12/site-packages/docutils/languages/__pycache__/en.cpython-312.pyc
usr/lib/python3.12/site-packages/docutils/parsers/__pycache__/__init__.cpython-312.pyc
usr/lib/python3.12/site-packages/docutils/parsers/rst/__pycache__/__init__.cpython-312.pyc
usr/lib/python3.12/site-packages/docutils/parsers/rst/__pycache__/roles.cpython-312.pyc
usr/lib/python3.12/site-packages/docutils/parsers/rst/__pycache__/states.cpython-312.pyc
usr/lib/python3.12/site-packages/docutils/parsers/rst/__pycache__/tableparser.cpython-312.pyc
usr/lib/python3.12/site-packages/docutils/parsers/rst/directives/__pycache__/__init__.cpython-312.pyc
usr/lib/python3.12/site-packages/docutils/parsers/rst/directives/__pycache__/admonitions.cpython-312.pyc
usr/lib/python3.12/site-packages/docutils/parsers/rst/directives/__pycache__/body.cpython-312.pyc
usr/lib/python3.12/site-packages/docutils/parsers/rst/directives/__pycache__/images.cpython-312.pyc
usr/lib/python3.12/site-packages/docutils/parsers/rst/directives/__pycache__/misc.cpython-312.pyc
usr/lib/python3.12/site-packages/docutils/parsers/rst/directives/__pycache__/parts.cpython-312.pyc
usr/lib/python3.12/site-packages/docutils/parsers/rst/languages/__pycache__/__init__.cpython-312.pyc
usr/lib/python3.12/site-packages/docutils/parsers/rst/languages/__pycache__/en.cpython-312.pyc
usr/lib/python3.12/site-packages/docutils/readers/__pycache__/__init__.cpython-312.pyc
usr/lib/python3.12/site-packages/docutils/readers/__pycache__/doctree.cpython-312.pyc
usr/lib/python3.12/site-packages/docutils/readers/__pycache__/standalone.cpython-312.pyc
usr/lib/python3.12/site-packages/docutils/transforms/__pycache__/__init__.cpython-312.pyc
usr/lib/python3.12/site-packages/docutils/transforms/__pycache__/frontmatter.cpython-312.pyc
usr/lib/python3.12/site-packages/docutils/transforms/__pycache__/misc.cpython-312.pyc
usr/lib/python3.12/site-packages/docutils/transforms/__pycache__/parts.cpython-312.pyc
usr/lib/python3.12/site-packages/docutils/transforms/__pycache__/references.cpython-312.pyc
usr/lib/python3.12/site-packages/docutils/transforms/__pycache__/universal.cpython-312.pyc
usr/lib/python3.12/site-packages/docutils/transforms/__pycache__/writer_aux.cpython-312.pyc
usr/lib/python3.12/site-packages/docutils/utils/__pycache__/__init__.cpython-312.pyc
usr/lib/python3.12/site-packages/docutils/utils/__pycache__/code_analyzer.cpython-312.pyc
usr/lib/python3.12/site-packages/docutils/utils/__pycache__/punctuation_chars.cpython-312.pyc
usr/lib/python3.12/site-packages/docutils/utils/__pycache__/roman.cpython-312.pyc
usr/lib/python3.12/site-packages/docutils/utils/__pycache__/smartquotes.cpython-312.pyc
usr/lib/python3.12/site-packages/docutils/utils/__pycache__/urischemes.cpython-312.pyc
usr/lib/python3.12/site-packages/docutils/utils/math/__pycache__/__init__.cpython-312.pyc
usr/lib/python3.12/site-packages/docutils/utils/math/__pycache__/latex2mathml.cpython-312.pyc
usr/lib/python3.12/site-packages/docutils/utils/math/__pycache__/math2html.cpython-312.pyc
usr/lib/python3.12/site-packages/docutils/utils/math/__pycache__/mathalphabet2unichar.cpython-312.pyc
usr/lib/python3.12/site-packages/docutils/utils/math/__pycache__/mathml_elements.cpython-312.pyc
usr/lib/python3.12/site-packages/docutils/utils/math/__pycache__/tex2mathml_extern.cpython-312.pyc
usr/lib/python3.12/site-packages/docutils/utils/math/__pycache__/tex2unichar.cpython-312.pyc
usr/lib/python3.12/site-packages/docutils/utils/math/__pycache__/unichar2tex.cpython-312.pyc
usr/lib/python3.12/site-packages/docutils/writers/__pycache__/__init__.cpython-312.pyc
usr/lib/python3.12/site-packages/docutils/writers/__pycache__/_html_base.cpython-312.pyc
usr/lib/python3.12/site-packages/docutils/writers/__pycache__/manpage.cpython-312.pyc
usr/lib/python3.12/site-packages/docutils/writers/html4css1/__pycache__/__init__.cpython-312.pyc
pkgadd: listed file(s) already installed (use -f to ignore and overwrite)
prt-get: updating /usr/ports/contrib/python3-setuptools-scm
=======> Package '/var/build/packages/python3-setuptools-scm#8.3.1-2.pkg.tar.xz' is up to date.
prt-get: updating python3-setuptools-scm from 8.3.1-1 to 8.3.1-2
usr/lib/python3.12/site-packages/setuptools_scm/__pycache__/__init__.cpython-312.pyc
usr/lib/python3.12/site-packages/setuptools_scm/__pycache__/_config.cpython-312.pyc
usr/lib/python3.12/site-packages/setuptools_scm/__pycache__/_entrypoints.cpython-312.pyc
usr/lib/python3.12/site-packages/setuptools_scm/__pycache__/_get_version_impl.cpython-312.pyc
usr/lib/python3.12/site-packages/setuptools_scm/__pycache__/_log.cpython-312.pyc
usr/lib/python3.12/site-packages/setuptools_scm/__pycache__/_modify_version.cpython-312.pyc
usr/lib/python3.12/site-packages/setuptools_scm/__pycache__/_overrides.cpython-312.pyc
usr/lib/python3.12/site-packages/setuptools_scm/__pycache__/_run_cmd.cpython-312.pyc
usr/lib/python3.12/site-packages/setuptools_scm/__pycache__/_types.cpython-312.pyc
usr/lib/python3.12/site-packages/setuptools_scm/__pycache__/_version_cls.cpython-312.pyc
usr/lib/python3.12/site-packages/setuptools_scm/__pycache__/discover.cpython-312.pyc
usr/lib/python3.12/site-packages/setuptools_scm/__pycache__/fallbacks.cpython-312.pyc
usr/lib/python3.12/site-packages/setuptools_scm/__pycache__/integration.cpython-312.pyc
usr/lib/python3.12/site-packages/setuptools_scm/__pycache__/version.cpython-312.pyc
usr/lib/python3.12/site-packages/setuptools_scm/_file_finders/__pycache__/__init__.cpython-312.pyc
usr/lib/python3.12/site-packages/setuptools_scm/_file_finders/__pycache__/git.cpython-312.pyc
usr/lib/python3.12/site-packages/setuptools_scm/_file_finders/__pycache__/hg.cpython-312.pyc
usr/lib/python3.12/site-packages/setuptools_scm/_file_finders/__pycache__/pathtools.cpython-312.pyc
usr/lib/python3.12/site-packages/setuptools_scm/_integration/__pycache__/__init__.cpython-312.pyc
usr/lib/python3.12/site-packages/setuptools_scm/_integration/__pycache__/dump_version.cpython-312.pyc
usr/lib/python3.12/site-packages/setuptools_scm/_integration/__pycache__/pyproject_reading.cpython-312.pyc
usr/lib/python3.12/site-packages/setuptools_scm/_integration/__pycache__/setuptools.cpython-312.pyc
usr/lib/python3.12/site-packages/setuptools_scm/_integration/__pycache__/toml.cpython-312.pyc
pkgadd: listed file(s) already installed (use -f to ignore and overwrite)
prt-get: updating /usr/ports/opt/python3-jinja2
=======> Package '/var/build/packages/python3-jinja2#3.1.6-2.pkg.tar.xz' is up to date.
prt-get: updating python3-jinja2 from 3.1.6-1 to 3.1.6-2
usr/lib/python3.12/site-packages/jinja2/__pycache__/__init__.cpython-312.pyc
usr/lib/python3.12/site-packages/jinja2/__pycache__/_identifier.cpython-312.pyc
usr/lib/python3.12/site-packages/jinja2/__pycache__/async_utils.cpython-312.pyc
usr/lib/python3.12/site-packages/jinja2/__pycache__/bccache.cpython-312.pyc
usr/lib/python3.12/site-packages/jinja2/__pycache__/compiler.cpython-312.pyc
usr/lib/python3.12/site-packages/jinja2/__pycache__/defaults.cpython-312.pyc
usr/lib/python3.12/site-packages/jinja2/__pycache__/environment.cpython-312.pyc
usr/lib/python3.12/site-packages/jinja2/__pycache__/exceptions.cpython-312.pyc
usr/lib/python3.12/site-packages/jinja2/__pycache__/ext.cpython-312.pyc
usr/lib/python3.12/site-packages/jinja2/__pycache__/filters.cpython-312.pyc
usr/lib/python3.12/site-packages/jinja2/__pycache__/idtracking.cpython-312.pyc
usr/lib/python3.12/site-packages/jinja2/__pycache__/lexer.cpython-312.pyc
usr/lib/python3.12/site-packages/jinja2/__pycache__/loaders.cpython-312.pyc
usr/lib/python3.12/site-packages/jinja2/__pycache__/nodes.cpython-312.pyc
usr/lib/python3.12/site-packages/jinja2/__pycache__/optimizer.cpython-312.pyc
usr/lib/python3.12/site-packages/jinja2/__pycache__/parser.cpython-312.pyc
usr/lib/python3.12/site-packages/jinja2/__pycache__/runtime.cpython-312.pyc
usr/lib/python3.12/site-packages/jinja2/__pycache__/tests.cpython-312.pyc
usr/lib/python3.12/site-packages/jinja2/__pycache__/utils.cpython-312.pyc
usr/lib/python3.12/site-packages/jinja2/__pycache__/visitor.cpython-312.pyc
pkgadd: listed file(s) already installed (use -f to ignore and overwrite)
prt-get: updating /usr/ports/contrib/python3-pyproject-metadata
=======> Package '/var/build/packages/python3-pyproject-metadata#0.9.1-2.pkg.tar.xz' is up to date.
prt-get: updating python3-pyproject-metadata from 0.9.1-1 to 0.9.1-2
usr/lib/python3.12/site-packages/pyproject_metadata/__pycache__/__init__.cpython-312.pyc
usr/lib/python3.12/site-packages/pyproject_metadata/__pycache__/constants.cpython-312.pyc
usr/lib/python3.12/site-packages/pyproject_metadata/__pycache__/errors.cpython-312.pyc
usr/lib/python3.12/site-packages/pyproject_metadata/__pycache__/pyproject.cpython-312.pyc
pkgadd: listed file(s) already installed (use -f to ignore and overwrite)
prt-get: updating /usr/ports/opt/python3-pip
=======> Package '/var/build/packages/python3-pip#25.0.1-2.pkg.tar.xz' is up to date.
prt-get: updating python3-pip from 25.0.1-1 to 25.0.1-2
usr/lib/python3.12/site-packages/pip/__pycache__/__init__.cpython-312.pyc
usr/lib/python3.12/site-packages/pip/__pycache__/__main__.cpython-312.pyc
usr/lib/python3.12/site-packages/pip/_internal/__pycache__/__init__.cpython-312.pyc
usr/lib/python3.12/site-packages/pip/_internal/__pycache__/build_env.cpython-312.pyc
usr/lib/python3.12/site-packages/pip/_internal/__pycache__/cache.cpython-312.pyc
usr/lib/python3.12/site-packages/pip/_internal/__pycache__/configuration.cpython-312.pyc
usr/lib/python3.12/site-packages/pip/_internal/__pycache__/exceptions.cpython-312.pyc
usr/lib/python3.12/site-packages/pip/_internal/__pycache__/pyproject.cpython-312.pyc
usr/lib/python3.12/site-packages/pip/_internal/__pycache__/self_outdated_check.cpython-312.pyc
usr/lib/python3.12/site-packages/pip/_internal/__pycache__/wheel_builder.cpython-312.pyc
usr/lib/python3.12/site-packages/pip/_internal/cli/__pycache__/__init__.cpython-312.pyc
usr/lib/python3.12/site-packages/pip/_internal/cli/__pycache__/autocompletion.cpython-312.pyc
usr/lib/python3.12/site-packages/pip/_internal/cli/__pycache__/base_command.cpython-312.pyc
usr/lib/python3.12/site-packages/pip/_internal/cli/__pycache__/cmdoptions.cpython-312.pyc
usr/lib/python3.12/site-packages/pip/_internal/cli/__pycache__/command_context.cpython-312.pyc
usr/lib/python3.12/site-packages/pip/_internal/cli/__pycache__/index_command.cpython-312.pyc
usr/lib/python3.12/site-packages/pip/_internal/cli/__pycache__/main.cpython-312.pyc
usr/lib/python3.12/site-packages/pip/_internal/cli/__pycache__/main_parser.cpython-312.pyc
usr/lib/python3.12/site-packages/pip/_internal/cli/__pycache__/parser.cpython-312.pyc
usr/lib/python3.12/site-packages/pip/_internal/cli/__pycache__/progress_bars.cpython-312.pyc
usr/lib/python3.12/site-packages/pip/_internal/cli/__pycache__/req_command.cpython-312.pyc
usr/lib/python3.12/site-packages/pip/_internal/cli/__pycache__/spinners.cpython-312.pyc
usr/lib/python3.12/site-packages/pip/_internal/cli/__pycache__/status_codes.cpython-312.pyc
usr/lib/python3.12/site-packages/pip/_internal/commands/__pycache__/__init__.cpython-312.pyc
usr/lib/python3.12/site-packages/pip/_internal/commands/__pycache__/install.cpython-312.pyc
usr/lib/python3.12/site-packages/pip/_internal/commands/__pycache__/wheel.cpython-312.pyc
usr/lib/python3.12/site-packages/pip/_internal/distributions/__pycache__/__init__.cpython-312.pyc
usr/lib/python3.12/site-packages/pip/_internal/distributions/__pycache__/base.cpython-312.pyc
usr/lib/python3.12/site-packages/pip/_internal/distributions/__pycache__/installed.cpython-312.pyc
usr/lib/python3.12/site-packages/pip/_internal/distributions/__pycache__/sdist.cpython-312.pyc
usr/lib/python3.12/site-packages/pip/_internal/distributions/__pycache__/wheel.cpython-312.pyc
usr/lib/python3.12/site-packages/pip/_internal/index/__pycache__/__init__.cpython-312.pyc
usr/lib/python3.12/site-packages/pip/_internal/index/__pycache__/collector.cpython-312.pyc
usr/lib/python3.12/site-packages/pip/_internal/index/__pycache__/package_finder.cpython-312.pyc
usr/lib/python3.12/site-packages/pip/_internal/index/__pycache__/sources.cpython-312.pyc
usr/lib/python3.12/site-packages/pip/_internal/locations/__pycache__/__init__.cpython-312.pyc
usr/lib/python3.12/site-packages/pip/_internal/locations/__pycache__/_sysconfig.cpython-312.pyc
usr/lib/python3.12/site-packages/pip/_internal/locations/__pycache__/base.cpython-312.pyc
usr/lib/python3.12/site-packages/pip/_internal/metadata/__pycache__/__init__.cpython-312.pyc
usr/lib/python3.12/site-packages/pip/_internal/metadata/__pycache__/_json.cpython-312.pyc
usr/lib/python3.12/site-packages/pip/_internal/metadata/__pycache__/base.cpython-312.pyc
usr/lib/python3.12/site-packages/pip/_internal/metadata/__pycache__/pkg_resources.cpython-312.pyc
usr/lib/python3.12/site-packages/pip/_internal/metadata/importlib/__pycache__/__init__.cpython-312.pyc
usr/lib/python3.12/site-packages/pip/_internal/metadata/importlib/__pycache__/_compat.cpython-312.pyc
usr/lib/python3.12/site-packages/pip/_internal/metadata/importlib/__pycache__/_dists.cpython-312.pyc
usr/lib/python3.12/site-packages/pip/_internal/metadata/importlib/__pycache__/_envs.cpython-312.pyc
usr/lib/python3.12/site-packages/pip/_internal/models/__pycache__/__init__.cpython-312.pyc
usr/lib/python3.12/site-packages/pip/_internal/models/__pycache__/candidate.cpython-312.pyc
usr/lib/python3.12/site-packages/pip/_internal/models/__pycache__/direct_url.cpython-312.pyc
usr/lib/python3.12/site-packages/pip/_internal/models/__pycache__/format_control.cpython-312.pyc
usr/lib/python3.12/site-packages/pip/_internal/models/__pycache__/index.cpython-312.pyc
usr/lib/python3.12/site-packages/pip/_internal/models/__pycache__/installation_report.cpython-312.pyc
usr/lib/python3.12/site-packages/pip/_internal/models/__pycache__/link.cpython-312.pyc
usr/lib/python3.12/site-packages/pip/_internal/models/__pycache__/scheme.cpython-312.pyc
usr/lib/python3.12/site-packages/pip/_internal/models/__pycache__/search_scope.cpython-312.pyc
usr/lib/python3.12/site-packages/pip/_internal/models/__pycache__/selection_prefs.cpython-312.pyc
usr/lib/python3.12/site-packages/pip/_internal/models/__pycache__/target_python.cpython-312.pyc
usr/lib/python3.12/site-packages/pip/_internal/models/__pycache__/wheel.cpython-312.pyc
usr/lib/python3.12/site-packages/pip/_internal/network/__pycache__/__init__.cpython-312.pyc
usr/lib/python3.12/site-packages/pip/_internal/network/__pycache__/auth.cpython-312.pyc
usr/lib/python3.12/site-packages/pip/_internal/network/__pycache__/cache.cpython-312.pyc
usr/lib/python3.12/site-packages/pip/_internal/network/__pycache__/download.cpython-312.pyc
usr/lib/python3.12/site-packages/pip/_internal/network/__pycache__/lazy_wheel.cpython-312.pyc
usr/lib/python3.12/site-packages/pip/_internal/network/__pycache__/session.cpython-312.pyc
usr/lib/python3.12/site-packages/pip/_internal/network/__pycache__/utils.cpython-312.pyc
usr/lib/python3.12/site-packages/pip/_internal/operations/__pycache__/__init__.cpython-312.pyc
usr/lib/python3.12/site-packages/pip/_internal/operations/__pycache__/check.cpython-312.pyc
usr/lib/python3.12/site-packages/pip/_internal/operations/__pycache__/prepare.cpython-312.pyc
usr/lib/python3.12/site-packages/pip/_internal/operations/build/__pycache__/__init__.cpython-312.pyc
usr/lib/python3.12/site-packages/pip/_internal/operations/build/__pycache__/build_tracker.cpython-312.pyc
usr/lib/python3.12/site-packages/pip/_internal/operations/build/__pycache__/metadata.cpython-312.pyc
usr/lib/python3.12/site-packages/pip/_internal/operations/build/__pycache__/metadata_editable.cpython-312.pyc
usr/lib/python3.12/site-packages/pip/_internal/operations/build/__pycache__/metadata_legacy.cpython-312.pyc
usr/lib/python3.12/site-packages/pip/_internal/operations/build/__pycache__/wheel.cpython-312.pyc
usr/lib/python3.12/site-packages/pip/_internal/operations/build/__pycache__/wheel_editable.cpython-312.pyc
usr/lib/python3.12/site-packages/pip/_internal/operations/build/__pycache__/wheel_legacy.cpython-312.pyc
usr/lib/python3.12/site-packages/pip/_internal/operations/install/__pycache__/__init__.cpython-312.pyc
usr/lib/python3.12/site-packages/pip/_internal/operations/install/__pycache__/editable_legacy.cpython-312.pyc
usr/lib/python3.12/site-packages/pip/_internal/operations/install/__pycache__/wheel.cpython-312.pyc
usr/lib/python3.12/site-packages/pip/_internal/req/__pycache__/__init__.cpython-312.pyc
usr/lib/python3.12/site-packages/pip/_internal/req/__pycache__/constructors.cpython-312.pyc
usr/lib/python3.12/site-packages/pip/_internal/req/__pycache__/req_file.cpython-312.pyc
usr/lib/python3.12/site-packages/pip/_internal/req/__pycache__/req_install.cpython-312.pyc
usr/lib/python3.12/site-packages/pip/_internal/req/__pycache__/req_set.cpython-312.pyc
usr/lib/python3.12/site-packages/pip/_internal/req/__pycache__/req_uninstall.cpython-312.pyc
usr/lib/python3.12/site-packages/pip/_internal/resolution/__pycache__/__init__.cpython-312.pyc
usr/lib/python3.12/site-packages/pip/_internal/resolution/__pycache__/base.cpython-312.pyc
usr/lib/python3.12/site-packages/pip/_internal/resolution/resolvelib/__pycache__/__init__.cpython-312.pyc
usr/lib/python3.12/site-packages/pip/_internal/resolution/resolvelib/__pycache__/base.cpython-312.pyc
usr/lib/python3.12/site-packages/pip/_internal/resolution/resolvelib/__pycache__/candidates.cpython-312.pyc
usr/lib/python3.12/site-packages/pip/_internal/resolution/resolvelib/__pycache__/factory.cpython-312.pyc
usr/lib/python3.12/site-packages/pip/_internal/resolution/resolvelib/__pycache__/found_candidates.cpython-312.pyc
usr/lib/python3.12/site-packages/pip/_internal/resolution/resolvelib/__pycache__/provider.cpython-312.pyc
usr/lib/python3.12/site-packages/pip/_internal/resolution/resolvelib/__pycache__/reporter.cpython-312.pyc
usr/lib/python3.12/site-packages/pip/_internal/resolution/resolvelib/__pycache__/requirements.cpython-312.pyc
usr/lib/python3.12/site-packages/pip/_internal/resolution/resolvelib/__pycache__/resolver.cpython-312.pyc
usr/lib/python3.12/site-packages/pip/_internal/utils/__pycache__/__init__.cpython-312.pyc
usr/lib/python3.12/site-packages/pip/_internal/utils/__pycache__/_jaraco_text.cpython-312.pyc
usr/lib/python3.12/site-packages/pip/_internal/utils/__pycache__/_log.cpython-312.pyc
usr/lib/python3.12/site-packages/pip/_internal/utils/__pycache__/appdirs.cpython-312.pyc
usr/lib/python3.12/site-packages/pip/_internal/utils/__pycache__/compat.cpython-312.pyc
usr/lib/python3.12/site-packages/pip/_internal/utils/__pycache__/compatibility_tags.cpython-312.pyc
usr/lib/python3.12/site-packages/pip/_internal/utils/__pycache__/deprecation.cpython-312.pyc
usr/lib/python3.12/site-packages/pip/_internal/utils/__pycache__/direct_url_helpers.cpython-312.pyc
usr/lib/python3.12/site-packages/pip/_internal/utils/__pycache__/egg_link.cpython-312.pyc
usr/lib/python3.12/site-packages/pip/_internal/utils/__pycache__/entrypoints.cpython-312.pyc
usr/lib/python3.12/site-packages/pip/_internal/utils/__pycache__/filesystem.cpython-312.pyc
usr/lib/python3.12/site-packages/pip/_internal/utils/__pycache__/filetypes.cpython-312.pyc
usr/lib/python3.12/site-packages/pip/_internal/utils/__pycache__/glibc.cpython-312.pyc
usr/lib/python3.12/site-packages/pip/_internal/utils/__pycache__/hashes.cpython-312.pyc
usr/lib/python3.12/site-packages/pip/_internal/utils/__pycache__/logging.cpython-312.pyc
usr/lib/python3.12/site-packages/pip/_internal/utils/__pycache__/misc.cpython-312.pyc
usr/lib/python3.12/site-packages/pip/_internal/utils/__pycache__/packaging.cpython-312.pyc
usr/lib/python3.12/site-packages/pip/_internal/utils/__pycache__/retry.cpython-312.pyc
usr/lib/python3.12/site-packages/pip/_internal/utils/__pycache__/setuptools_build.cpython-312.pyc
usr/lib/python3.12/site-packages/pip/_internal/utils/__pycache__/subprocess.cpython-312.pyc
usr/lib/python3.12/site-packages/pip/_internal/utils/__pycache__/temp_dir.cpython-312.pyc
usr/lib/python3.12/site-packages/pip/_internal/utils/__pycache__/unpacking.cpython-312.pyc
usr/lib/python3.12/site-packages/pip/_internal/utils/__pycache__/urls.cpython-312.pyc
usr/lib/python3.12/site-packages/pip/_internal/utils/__pycache__/virtualenv.cpython-312.pyc
usr/lib/python3.12/site-packages/pip/_internal/utils/__pycache__/wheel.cpython-312.pyc
usr/lib/python3.12/site-packages/pip/_internal/vcs/__pycache__/__init__.cpython-312.pyc
usr/lib/python3.12/site-packages/pip/_internal/vcs/__pycache__/bazaar.cpython-312.pyc
usr/lib/python3.12/site-packages/pip/_internal/vcs/__pycache__/git.cpython-312.pyc
usr/lib/python3.12/site-packages/pip/_internal/vcs/__pycache__/mercurial.cpython-312.pyc
usr/lib/python3.12/site-packages/pip/_internal/vcs/__pycache__/subversion.cpython-312.pyc
usr/lib/python3.12/site-packages/pip/_internal/vcs/__pycache__/versioncontrol.cpython-312.pyc
usr/lib/python3.12/site-packages/pip/_vendor/__pycache__/__init__.cpython-312.pyc
usr/lib/python3.12/site-packages/pip/_vendor/__pycache__/typing_extensions.cpython-312.pyc
usr/lib/python3.12/site-packages/pip/_vendor/cachecontrol/__pycache__/__init__.cpython-312.pyc
usr/lib/python3.12/site-packages/pip/_vendor/cachecontrol/__pycache__/adapter.cpython-312.pyc
usr/lib/python3.12/site-packages/pip/_vendor/cachecontrol/__pycache__/cache.cpython-312.pyc
usr/lib/python3.12/site-packages/pip/_vendor/cachecontrol/__pycache__/controller.cpython-312.pyc
usr/lib/python3.12/site-packages/pip/_vendor/cachecontrol/__pycache__/filewrapper.cpython-312.pyc
usr/lib/python3.12/site-packages/pip/_vendor/cachecontrol/__pycache__/serialize.cpython-312.pyc
usr/lib/python3.12/site-packages/pip/_vendor/cachecontrol/__pycache__/wrapper.cpython-312.pyc
usr/lib/python3.12/site-packages/pip/_vendor/cachecontrol/caches/__pycache__/__init__.cpython-312.pyc
usr/lib/python3.12/site-packages/pip/_vendor/cachecontrol/caches/__pycache__/file_cache.cpython-312.pyc
usr/lib/python3.12/site-packages/pip/_vendor/cachecontrol/caches/__pycache__/redis_cache.cpython-312.pyc
usr/lib/python3.12/site-packages/pip/_vendor/certifi/__pycache__/__init__.cpython-312.pyc
usr/lib/python3.12/site-packages/pip/_vendor/certifi/__pycache__/core.cpython-312.pyc
usr/lib/python3.12/site-packages/pip/_vendor/distlib/__pycache__/__init__.cpython-312.pyc
usr/lib/python3.12/site-packages/pip/_vendor/distlib/__pycache__/compat.cpython-312.pyc
usr/lib/python3.12/site-packages/pip/_vendor/distlib/__pycache__/resources.cpython-312.pyc
usr/lib/python3.12/site-packages/pip/_vendor/distlib/__pycache__/scripts.cpython-312.pyc
usr/lib/python3.12/site-packages/pip/_vendor/distlib/__pycache__/util.cpython-312.pyc
usr/lib/python3.12/site-packages/pip/_vendor/distro/__pycache__/__init__.cpython-312.pyc
usr/lib/python3.12/site-packages/pip/_vendor/distro/__pycache__/distro.cpython-312.pyc
usr/lib/python3.12/site-packages/pip/_vendor/idna/__pycache__/__init__.cpython-312.pyc
usr/lib/python3.12/site-packages/pip/_vendor/idna/__pycache__/core.cpython-312.pyc
usr/lib/python3.12/site-packages/pip/_vendor/idna/__pycache__/idnadata.cpython-312.pyc
usr/lib/python3.12/site-packages/pip/_vendor/idna/__pycache__/intranges.cpython-312.pyc
usr/lib/python3.12/site-packages/pip/_vendor/idna/__pycache__/package_data.cpython-312.pyc
usr/lib/python3.12/site-packages/pip/_vendor/msgpack/__pycache__/__init__.cpython-312.pyc
usr/lib/python3.12/site-packages/pip/_vendor/msgpack/__pycache__/exceptions.cpython-312.pyc
usr/lib/python3.12/site-packages/pip/_vendor/msgpack/__pycache__/ext.cpython-312.pyc
usr/lib/python3.12/site-packages/pip/_vendor/msgpack/__pycache__/fallback.cpython-312.pyc
usr/lib/python3.12/site-packages/pip/_vendor/packaging/__pycache__/__init__.cpython-312.pyc
usr/lib/python3.12/site-packages/pip/_vendor/packaging/__pycache__/_elffile.cpython-312.pyc
usr/lib/python3.12/site-packages/pip/_vendor/packaging/__pycache__/_manylinux.cpython-312.pyc
usr/lib/python3.12/site-packages/pip/_vendor/packaging/__pycache__/_musllinux.cpython-312.pyc
usr/lib/python3.12/site-packages/pip/_vendor/packaging/__pycache__/_parser.cpython-312.pyc
usr/lib/python3.12/site-packages/pip/_vendor/packaging/__pycache__/_structures.cpython-312.pyc
usr/lib/python3.12/site-packages/pip/_vendor/packaging/__pycache__/_tokenizer.cpython-312.pyc
usr/lib/python3.12/site-packages/pip/_vendor/packaging/__pycache__/markers.cpython-312.pyc
usr/lib/python3.12/site-packages/pip/_vendor/packaging/__pycache__/requirements.cpython-312.pyc
usr/lib/python3.12/site-packages/pip/_vendor/packaging/__pycache__/specifiers.cpython-312.pyc
usr/lib/python3.12/site-packages/pip/_vendor/packaging/__pycache__/tags.cpython-312.pyc
usr/lib/python3.12/site-packages/pip/_vendor/packaging/__pycache__/utils.cpython-312.pyc
usr/lib/python3.12/site-packages/pip/_vendor/packaging/__pycache__/version.cpython-312.pyc
usr/lib/python3.12/site-packages/pip/_vendor/pkg_resources/__pycache__/__init__.cpython-312.pyc
usr/lib/python3.12/site-packages/pip/_vendor/platformdirs/__pycache__/__init__.cpython-312.pyc
usr/lib/python3.12/site-packages/pip/_vendor/platformdirs/__pycache__/api.cpython-312.pyc
usr/lib/python3.12/site-packages/pip/_vendor/platformdirs/__pycache__/unix.cpython-312.pyc
usr/lib/python3.12/site-packages/pip/_vendor/platformdirs/__pycache__/version.cpython-312.pyc
usr/lib/python3.12/site-packages/pip/_vendor/pygments/__pycache__/__init__.cpython-312.pyc
usr/lib/python3.12/site-packages/pip/_vendor/pygments/__pycache__/filter.cpython-312.pyc
usr/lib/python3.12/site-packages/pip/_vendor/pygments/__pycache__/lexer.cpython-312.pyc
usr/lib/python3.12/site-packages/pip/_vendor/pygments/__pycache__/modeline.cpython-312.pyc
usr/lib/python3.12/site-packages/pip/_vendor/pygments/__pycache__/plugin.cpython-312.pyc
usr/lib/python3.12/site-packages/pip/_vendor/pygments/__pycache__/regexopt.cpython-312.pyc
usr/lib/python3.12/site-packages/pip/_vendor/pygments/__pycache__/style.cpython-312.pyc
usr/lib/python3.12/site-packages/pip/_vendor/pygments/__pycache__/token.cpython-312.pyc
usr/lib/python3.12/site-packages/pip/_vendor/pygments/__pycache__/util.cpython-312.pyc
usr/lib/python3.12/site-packages/pip/_vendor/pygments/filters/__pycache__/__init__.cpython-312.pyc
usr/lib/python3.12/site-packages/pip/_vendor/pygments/lexers/__pycache__/__init__.cpython-312.pyc
usr/lib/python3.12/site-packages/pip/_vendor/pygments/lexers/__pycache__/_mapping.cpython-312.pyc
usr/lib/python3.12/site-packages/pip/_vendor/pygments/styles/__pycache__/__init__.cpython-312.pyc
usr/lib/python3.12/site-packages/pip/_vendor/pygments/styles/__pycache__/_mapping.cpython-312.pyc
usr/lib/python3.12/site-packages/pip/_vendor/pyproject_hooks/__pycache__/__init__.cpython-312.pyc
usr/lib/python3.12/site-packages/pip/_vendor/pyproject_hooks/__pycache__/_impl.cpython-312.pyc
usr/lib/python3.12/site-packages/pip/_vendor/pyproject_hooks/_in_process/__pycache__/__init__.cpython-312.pyc
usr/lib/python3.12/site-packages/pip/_vendor/requests/__pycache__/__init__.cpython-312.pyc
usr/lib/python3.12/site-packages/pip/_vendor/requests/__pycache__/__version__.cpython-312.pyc
usr/lib/python3.12/site-packages/pip/_vendor/requests/__pycache__/_internal_utils.cpython-312.pyc
usr/lib/python3.12/site-packages/pip/_vendor/requests/__pycache__/adapters.cpython-312.pyc
usr/lib/python3.12/site-packages/pip/_vendor/requests/__pycache__/api.cpython-312.pyc
usr/lib/python3.12/site-packages/pip/_vendor/requests/__pycache__/auth.cpython-312.pyc
usr/lib/python3.12/site-packages/pip/_vendor/requests/__pycache__/certs.cpython-312.pyc
usr/lib/python3.12/site-packages/pip/_vendor/requests/__pycache__/compat.cpython-312.pyc
usr/lib/python3.12/site-packages/pip/_vendor/requests/__pycache__/cookies.cpython-312.pyc
usr/lib/python3.12/site-packages/pip/_vendor/requests/__pycache__/exceptions.cpython-312.pyc
usr/lib/python3.12/site-packages/pip/_vendor/requests/__pycache__/hooks.cpython-312.pyc
usr/lib/python3.12/site-packages/pip/_vendor/requests/__pycache__/models.cpython-312.pyc
usr/lib/python3.12/site-packages/pip/_vendor/requests/__pycache__/packages.cpython-312.pyc
usr/lib/python3.12/site-packages/pip/_vendor/requests/__pycache__/sessions.cpython-312.pyc
usr/lib/python3.12/site-packages/pip/_vendor/requests/__pycache__/status_codes.cpython-312.pyc
usr/lib/python3.12/site-packages/pip/_vendor/requests/__pycache__/structures.cpython-312.pyc
usr/lib/python3.12/site-packages/pip/_vendor/requests/__pycache__/utils.cpython-312.pyc
usr/lib/python3.12/site-packages/pip/_vendor/resolvelib/__pycache__/__init__.cpython-312.pyc
usr/lib/python3.12/site-packages/pip/_vendor/resolvelib/__pycache__/providers.cpython-312.pyc
usr/lib/python3.12/site-packages/pip/_vendor/resolvelib/__pycache__/reporters.cpython-312.pyc
usr/lib/python3.12/site-packages/pip/_vendor/resolvelib/__pycache__/resolvers.cpython-312.pyc
usr/lib/python3.12/site-packages/pip/_vendor/resolvelib/__pycache__/structs.cpython-312.pyc
usr/lib/python3.12/site-packages/pip/_vendor/resolvelib/compat/__pycache__/__init__.cpython-312.pyc
usr/lib/python3.12/site-packages/pip/_vendor/resolvelib/compat/__pycache__/collections_abc.cpython-312.pyc
usr/lib/python3.12/site-packages/pip/_vendor/rich/__pycache__/__init__.cpython-312.pyc
usr/lib/python3.12/site-packages/pip/_vendor/rich/__pycache__/_cell_widths.cpython-312.pyc
usr/lib/python3.12/site-packages/pip/_vendor/rich/__pycache__/_emoji_codes.cpython-312.pyc
usr/lib/python3.12/site-packages/pip/_vendor/rich/__pycache__/_emoji_replace.cpython-312.pyc
usr/lib/python3.12/site-packages/pip/_vendor/rich/__pycache__/_export_format.cpython-312.pyc
usr/lib/python3.12/site-packages/pip/_vendor/rich/__pycache__/_extension.cpython-312.pyc
usr/lib/python3.12/site-packages/pip/_vendor/rich/__pycache__/_fileno.cpython-312.pyc
usr/lib/python3.12/site-packages/pip/_vendor/rich/__pycache__/_log_render.cpython-312.pyc
usr/lib/python3.12/site-packages/pip/_vendor/rich/__pycache__/_loop.cpython-312.pyc
usr/lib/python3.12/site-packages/pip/_vendor/rich/__pycache__/_null_file.cpython-312.pyc
usr/lib/python3.12/site-packages/pip/_vendor/rich/__pycache__/_palettes.cpython-312.pyc
usr/lib/python3.12/site-packages/pip/_vendor/rich/__pycache__/_pick.cpython-312.pyc
usr/lib/python3.12/site-packages/pip/_vendor/rich/__pycache__/_ratio.cpython-312.pyc
usr/lib/python3.12/site-packages/pip/_vendor/rich/__pycache__/_spinners.cpython-312.pyc
usr/lib/python3.12/site-packages/pip/_vendor/rich/__pycache__/_wrap.cpython-312.pyc
usr/lib/python3.12/site-packages/pip/_vendor/rich/__pycache__/abc.cpython-312.pyc
usr/lib/python3.12/site-packages/pip/_vendor/rich/__pycache__/align.cpython-312.pyc
usr/lib/python3.12/site-packages/pip/_vendor/rich/__pycache__/ansi.cpython-312.pyc
usr/lib/python3.12/site-packages/pip/_vendor/rich/__pycache__/box.cpython-312.pyc
usr/lib/python3.12/site-packages/pip/_vendor/rich/__pycache__/cells.cpython-312.pyc
usr/lib/python3.12/site-packages/pip/_vendor/rich/__pycache__/color.cpython-312.pyc
usr/lib/python3.12/site-packages/pip/_vendor/rich/__pycache__/color_triplet.cpython-312.pyc
usr/lib/python3.12/site-packages/pip/_vendor/rich/__pycache__/columns.cpython-312.pyc
usr/lib/python3.12/site-packages/pip/_vendor/rich/__pycache__/console.cpython-312.pyc
usr/lib/python3.12/site-packages/pip/_vendor/rich/__pycache__/constrain.cpython-312.pyc
usr/lib/python3.12/site-packages/pip/_vendor/rich/__pycache__/containers.cpython-312.pyc
usr/lib/python3.12/site-packages/pip/_vendor/rich/__pycache__/control.cpython-312.pyc
usr/lib/python3.12/site-packages/pip/_vendor/rich/__pycache__/default_styles.cpython-312.pyc
usr/lib/python3.12/site-packages/pip/_vendor/rich/__pycache__/emoji.cpython-312.pyc
usr/lib/python3.12/site-packages/pip/_vendor/rich/__pycache__/errors.cpython-312.pyc
usr/lib/python3.12/site-packages/pip/_vendor/rich/__pycache__/file_proxy.cpython-312.pyc
usr/lib/python3.12/site-packages/pip/_vendor/rich/__pycache__/filesize.cpython-312.pyc
usr/lib/python3.12/site-packages/pip/_vendor/rich/__pycache__/highlighter.cpython-312.pyc
usr/lib/python3.12/site-packages/pip/_vendor/rich/__pycache__/jupyter.cpython-312.pyc
usr/lib/python3.12/site-packages/pip/_vendor/rich/__pycache__/live.cpython-312.pyc
usr/lib/python3.12/site-packages/pip/_vendor/rich/__pycache__/live_render.cpython-312.pyc
usr/lib/python3.12/site-packages/pip/_vendor/rich/__pycache__/logging.cpython-312.pyc
usr/lib/python3.12/site-packages/pip/_vendor/rich/__pycache__/markup.cpython-312.pyc
usr/lib/python3.12/site-packages/pip/_vendor/rich/__pycache__/measure.cpython-312.pyc
usr/lib/python3.12/site-packages/pip/_vendor/rich/__pycache__/padding.cpython-312.pyc
usr/lib/python3.12/site-packages/pip/_vendor/rich/__pycache__/pager.cpython-312.pyc
usr/lib/python3.12/site-packages/pip/_vendor/rich/__pycache__/palette.cpython-312.pyc
usr/lib/python3.12/site-packages/pip/_vendor/rich/__pycache__/panel.cpython-312.pyc
usr/lib/python3.12/site-packages/pip/_vendor/rich/__pycache__/pretty.cpython-312.pyc
usr/lib/python3.12/site-packages/pip/_vendor/rich/__pycache__/progress.cpython-312.pyc
usr/lib/python3.12/site-packages/pip/_vendor/rich/__pycache__/progress_bar.cpython-312.pyc
usr/lib/python3.12/site-packages/pip/_vendor/rich/__pycache__/protocol.cpython-312.pyc
usr/lib/python3.12/site-packages/pip/_vendor/rich/__pycache__/region.cpython-312.pyc
usr/lib/python3.12/site-packages/pip/_vendor/rich/__pycache__/repr.cpython-312.pyc
usr/lib/python3.12/site-packages/pip/_vendor/rich/__pycache__/scope.cpython-312.pyc
usr/lib/python3.12/site-packages/pip/_vendor/rich/__pycache__/screen.cpython-312.pyc
usr/lib/python3.12/site-packages/pip/_vendor/rich/__pycache__/segment.cpython-312.pyc
usr/lib/python3.12/site-packages/pip/_vendor/rich/__pycache__/spinner.cpython-312.pyc
usr/lib/python3.12/site-packages/pip/_vendor/rich/__pycache__/style.cpython-312.pyc
usr/lib/python3.12/site-packages/pip/_vendor/rich/__pycache__/styled.cpython-312.pyc
usr/lib/python3.12/site-packages/pip/_vendor/rich/__pycache__/syntax.cpython-312.pyc
usr/lib/python3.12/site-packages/pip/_vendor/rich/__pycache__/table.cpython-312.pyc
usr/lib/python3.12/site-packages/pip/_vendor/rich/__pycache__/terminal_theme.cpython-312.pyc
usr/lib/python3.12/site-packages/pip/_vendor/rich/__pycache__/text.cpython-312.pyc
usr/lib/python3.12/site-packages/pip/_vendor/rich/__pycache__/theme.cpython-312.pyc
usr/lib/python3.12/site-packages/pip/_vendor/rich/__pycache__/themes.cpython-312.pyc
usr/lib/python3.12/site-packages/pip/_vendor/rich/__pycache__/traceback.cpython-312.pyc
usr/lib/python3.12/site-packages/pip/_vendor/truststore/__pycache__/__init__.cpython-312.pyc
usr/lib/python3.12/site-packages/pip/_vendor/truststore/__pycache__/_api.cpython-312.pyc
usr/lib/python3.12/site-packages/pip/_vendor/truststore/__pycache__/_openssl.cpython-312.pyc
usr/lib/python3.12/site-packages/pip/_vendor/truststore/__pycache__/_ssl_constants.cpython-312.pyc
usr/lib/python3.12/site-packages/pip/_vendor/urllib3/__pycache__/__init__.cpython-312.pyc
usr/lib/python3.12/site-packages/pip/_vendor/urllib3/__pycache__/_collections.cpython-312.pyc
usr/lib/python3.12/site-packages/pip/_vendor/urllib3/__pycache__/_version.cpython-312.pyc
usr/lib/python3.12/site-packages/pip/_vendor/urllib3/__pycache__/connection.cpython-312.pyc
usr/lib/python3.12/site-packages/pip/_vendor/urllib3/__pycache__/connectionpool.cpython-312.pyc
usr/lib/python3.12/site-packages/pip/_vendor/urllib3/__pycache__/exceptions.cpython-312.pyc
usr/lib/python3.12/site-packages/pip/_vendor/urllib3/__pycache__/fields.cpython-312.pyc
usr/lib/python3.12/site-packages/pip/_vendor/urllib3/__pycache__/filepost.cpython-312.pyc
usr/lib/python3.12/site-packages/pip/_vendor/urllib3/__pycache__/poolmanager.cpython-312.pyc
usr/lib/python3.12/site-packages/pip/_vendor/urllib3/__pycache__/request.cpython-312.pyc
usr/lib/python3.12/site-packages/pip/_vendor/urllib3/__pycache__/response.cpython-312.pyc
usr/lib/python3.12/site-packages/pip/_vendor/urllib3/contrib/__pycache__/__init__.cpython-312.pyc
usr/lib/python3.12/site-packages/pip/_vendor/urllib3/contrib/__pycache__/_appengine_environ.cpython-312.pyc
usr/lib/python3.12/site-packages/pip/_vendor/urllib3/contrib/__pycache__/socks.cpython-312.pyc
usr/lib/python3.12/site-packages/pip/_vendor/urllib3/packages/__pycache__/__init__.cpython-312.pyc
usr/lib/python3.12/site-packages/pip/_vendor/urllib3/packages/__pycache__/six.cpython-312.pyc
usr/lib/python3.12/site-packages/pip/_vendor/urllib3/util/__pycache__/__init__.cpython-312.pyc
usr/lib/python3.12/site-packages/pip/_vendor/urllib3/util/__pycache__/connection.cpython-312.pyc
usr/lib/python3.12/site-packages/pip/_vendor/urllib3/util/__pycache__/proxy.cpython-312.pyc
usr/lib/python3.12/site-packages/pip/_vendor/urllib3/util/__pycache__/queue.cpython-312.pyc
usr/lib/python3.12/site-packages/pip/_vendor/urllib3/util/__pycache__/request.cpython-312.pyc
usr/lib/python3.12/site-packages/pip/_vendor/urllib3/util/__pycache__/response.cpython-312.pyc
usr/lib/python3.12/site-packages/pip/_vendor/urllib3/util/__pycache__/retry.cpython-312.pyc
usr/lib/python3.12/site-packages/pip/_vendor/urllib3/util/__pycache__/ssl_.cpython-312.pyc
usr/lib/python3.12/site-packages/pip/_vendor/urllib3/util/__pycache__/ssl_match_hostname.cpython-312.pyc
usr/lib/python3.12/site-packages/pip/_vendor/urllib3/util/__pycache__/ssltransport.cpython-312.pyc
usr/lib/python3.12/site-packages/pip/_vendor/urllib3/util/__pycache__/timeout.cpython-312.pyc
usr/lib/python3.12/site-packages/pip/_vendor/urllib3/util/__pycache__/url.cpython-312.pyc
usr/lib/python3.12/site-packages/pip/_vendor/urllib3/util/__pycache__/wait.cpython-312.pyc
pkgadd: listed file(s) already installed (use -f to ignore and overwrite)
prt-get: updating /usr/ports/opt/python3-pyyaml
=======> Package '/var/build/packages/python3-pyyaml#6.0.2-2.pkg.tar.xz' is up to date.
prt-get: updating python3-pyyaml from 6.0.2-1 to 6.0.2-2
usr/lib/python3.12/site-packages/yaml/__pycache__/__init__.cpython-312.pyc
usr/lib/python3.12/site-packages/yaml/__pycache__/composer.cpython-312.pyc
usr/lib/python3.12/site-packages/yaml/__pycache__/constructor.cpython-312.pyc
usr/lib/python3.12/site-packages/yaml/__pycache__/cyaml.cpython-312.pyc
usr/lib/python3.12/site-packages/yaml/__pycache__/dumper.cpython-312.pyc
usr/lib/python3.12/site-packages/yaml/__pycache__/emitter.cpython-312.pyc
usr/lib/python3.12/site-packages/yaml/__pycache__/error.cpython-312.pyc
usr/lib/python3.12/site-packages/yaml/__pycache__/events.cpython-312.pyc
usr/lib/python3.12/site-packages/yaml/__pycache__/loader.cpython-312.pyc
usr/lib/python3.12/site-packages/yaml/__pycache__/nodes.cpython-312.pyc
usr/lib/python3.12/site-packages/yaml/__pycache__/parser.cpython-312.pyc
usr/lib/python3.12/site-packages/yaml/__pycache__/reader.cpython-312.pyc
usr/lib/python3.12/site-packages/yaml/__pycache__/representer.cpython-312.pyc
usr/lib/python3.12/site-packages/yaml/__pycache__/resolver.cpython-312.pyc
usr/lib/python3.12/site-packages/yaml/__pycache__/scanner.cpython-312.pyc
usr/lib/python3.12/site-packages/yaml/__pycache__/serializer.cpython-312.pyc
usr/lib/python3.12/site-packages/yaml/__pycache__/tokens.cpython-312.pyc
pkgadd: listed file(s) already installed (use -f to ignore and overwrite)
prt-get: updating /usr/ports/contrib/python3-setuptools-rust
=======> Package '/var/build/packages/python3-setuptools-rust#1.11.1-2.pkg.tar.xz' is up to date.
prt-get: updating python3-setuptools-rust from 1.11.1-1 to 1.11.1-2
usr/lib/python3.12/site-packages/setuptools_rust/__pycache__/__init__.cpython-312.pyc
usr/lib/python3.12/site-packages/setuptools_rust/__pycache__/_utils.cpython-312.pyc
usr/lib/python3.12/site-packages/setuptools_rust/__pycache__/build.cpython-312.pyc
usr/lib/python3.12/site-packages/setuptools_rust/__pycache__/clean.cpython-312.pyc
usr/lib/python3.12/site-packages/setuptools_rust/__pycache__/command.cpython-312.pyc
usr/lib/python3.12/site-packages/setuptools_rust/__pycache__/extension.cpython-312.pyc
usr/lib/python3.12/site-packages/setuptools_rust/__pycache__/rustc_info.cpython-312.pyc
usr/lib/python3.12/site-packages/setuptools_rust/__pycache__/setuptools_ext.cpython-312.pyc
usr/lib/python3.12/site-packages/setuptools_rust/__pycache__/version.cpython-312.pyc
pkgadd: listed file(s) already installed (use -f to ignore and overwrite)
prt-get: updating /usr/ports/contrib/python3-hatchling
=======> Package '/var/build/packages/python3-hatchling#1.27.0-2.pkg.tar.xz' is up to date.
prt-get: updating python3-hatchling from 1.27.0-1 to 1.27.0-2
usr/lib/python3.12/site-packages/hatchling/__pycache__/__about__.cpython-312.pyc
usr/lib/python3.12/site-packages/hatchling/__pycache__/__init__.cpython-312.pyc
usr/lib/python3.12/site-packages/hatchling/__pycache__/build.cpython-312.pyc
usr/lib/python3.12/site-packages/hatchling/bridge/__pycache__/__init__.cpython-312.pyc
usr/lib/python3.12/site-packages/hatchling/bridge/__pycache__/app.cpython-312.pyc
usr/lib/python3.12/site-packages/hatchling/builders/__pycache__/__init__.cpython-312.pyc
usr/lib/python3.12/site-packages/hatchling/builders/__pycache__/config.cpython-312.pyc
usr/lib/python3.12/site-packages/hatchling/builders/__pycache__/constants.cpython-312.pyc
usr/lib/python3.12/site-packages/hatchling/builders/__pycache__/utils.cpython-312.pyc
usr/lib/python3.12/site-packages/hatchling/builders/__pycache__/wheel.cpython-312.pyc
usr/lib/python3.12/site-packages/hatchling/builders/hooks/__pycache__/__init__.cpython-312.pyc
usr/lib/python3.12/site-packages/hatchling/builders/hooks/__pycache__/custom.cpython-312.pyc
usr/lib/python3.12/site-packages/hatchling/builders/hooks/__pycache__/version.cpython-312.pyc
usr/lib/python3.12/site-packages/hatchling/builders/hooks/plugin/__pycache__/__init__.cpython-312.pyc
usr/lib/python3.12/site-packages/hatchling/builders/hooks/plugin/__pycache__/hooks.cpython-312.pyc
usr/lib/python3.12/site-packages/hatchling/builders/hooks/plugin/__pycache__/interface.cpython-312.pyc
usr/lib/python3.12/site-packages/hatchling/builders/plugin/__pycache__/__init__.cpython-312.pyc
usr/lib/python3.12/site-packages/hatchling/builders/plugin/__pycache__/interface.cpython-312.pyc
usr/lib/python3.12/site-packages/hatchling/metadata/__pycache__/__init__.cpython-312.pyc
usr/lib/python3.12/site-packages/hatchling/metadata/__pycache__/core.cpython-312.pyc
usr/lib/python3.12/site-packages/hatchling/metadata/__pycache__/spec.cpython-312.pyc
usr/lib/python3.12/site-packages/hatchling/metadata/__pycache__/utils.cpython-312.pyc
usr/lib/python3.12/site-packages/hatchling/metadata/plugin/__pycache__/__init__.cpython-312.pyc
usr/lib/python3.12/site-packages/hatchling/metadata/plugin/__pycache__/interface.cpython-312.pyc
usr/lib/python3.12/site-packages/hatchling/plugin/__pycache__/__init__.cpython-312.pyc
usr/lib/python3.12/site-packages/hatchling/plugin/__pycache__/manager.cpython-312.pyc
usr/lib/python3.12/site-packages/hatchling/plugin/__pycache__/specs.cpython-312.pyc
usr/lib/python3.12/site-packages/hatchling/plugin/__pycache__/utils.cpython-312.pyc
usr/lib/python3.12/site-packages/hatchling/utils/__pycache__/__init__.cpython-312.pyc
usr/lib/python3.12/site-packages/hatchling/utils/__pycache__/constants.cpython-312.pyc
usr/lib/python3.12/site-packages/hatchling/utils/__pycache__/context.cpython-312.pyc
usr/lib/python3.12/site-packages/hatchling/utils/__pycache__/fs.cpython-312.pyc
usr/lib/python3.12/site-packages/hatchling/version/__pycache__/__init__.cpython-312.pyc
usr/lib/python3.12/site-packages/hatchling/version/__pycache__/core.cpython-312.pyc
usr/lib/python3.12/site-packages/hatchling/version/source/__pycache__/__init__.cpython-312.pyc
usr/lib/python3.12/site-packages/hatchling/version/source/__pycache__/code.cpython-312.pyc
usr/lib/python3.12/site-packages/hatchling/version/source/__pycache__/env.cpython-312.pyc
usr/lib/python3.12/site-packages/hatchling/version/source/__pycache__/regex.cpython-312.pyc
usr/lib/python3.12/site-packages/hatchling/version/source/plugin/__pycache__/__init__.cpython-312.pyc
usr/lib/python3.12/site-packages/hatchling/version/source/plugin/__pycache__/hooks.cpython-312.pyc
usr/lib/python3.12/site-packages/hatchling/version/source/plugin/__pycache__/interface.cpython-312.pyc
pkgadd: listed file(s) already installed (use -f to ignore and overwrite)
prt-get: updating /usr/ports/contrib/python3-hatch-vcs
=======> Package '/var/build/packages/python3-hatch-vcs#0.4.0-2.pkg.tar.xz' is up to date.
prt-get: updating python3-hatch-vcs from 0.4.0-1 to 0.4.0-2
usr/lib/python3.12/site-packages/hatch_vcs/__pycache__/__init__.cpython-312.pyc
usr/lib/python3.12/site-packages/hatch_vcs/__pycache__/build_hook.cpython-312.pyc
usr/lib/python3.12/site-packages/hatch_vcs/__pycache__/hooks.cpython-312.pyc
usr/lib/python3.12/site-packages/hatch_vcs/__pycache__/metadata_hook.cpython-312.pyc
usr/lib/python3.12/site-packages/hatch_vcs/__pycache__/vcs_utils.cpython-312.pyc
usr/lib/python3.12/site-packages/hatch_vcs/__pycache__/version_source.cpython-312.pyc
pkgadd: listed file(s) already installed (use -f to ignore and overwrite)
prt-get: updating /usr/ports/contrib/python3-pygments
=======> Package '/var/build/packages/python3-pygments#2.19.1-2.pkg.tar.xz' is up to date.
prt-get: updating python3-pygments from 2.19.1-1 to 2.19.1-2
usr/lib/python3.12/site-packages/pygments/__pycache__/__init__.cpython-312.pyc
usr/lib/python3.12/site-packages/pygments/__pycache__/filter.cpython-312.pyc
usr/lib/python3.12/site-packages/pygments/__pycache__/formatter.cpython-312.pyc
usr/lib/python3.12/site-packages/pygments/__pycache__/lexer.cpython-312.pyc
usr/lib/python3.12/site-packages/pygments/__pycache__/modeline.cpython-312.pyc
usr/lib/python3.12/site-packages/pygments/__pycache__/plugin.cpython-312.pyc
usr/lib/python3.12/site-packages/pygments/__pycache__/regexopt.cpython-312.pyc
usr/lib/python3.12/site-packages/pygments/__pycache__/style.cpython-312.pyc
usr/lib/python3.12/site-packages/pygments/__pycache__/token.cpython-312.pyc
usr/lib/python3.12/site-packages/pygments/__pycache__/unistring.cpython-312.pyc
usr/lib/python3.12/site-packages/pygments/__pycache__/util.cpython-312.pyc
usr/lib/python3.12/site-packages/pygments/filters/__pycache__/__init__.cpython-312.pyc
usr/lib/python3.12/site-packages/pygments/formatters/__pycache__/__init__.cpython-312.pyc
usr/lib/python3.12/site-packages/pygments/formatters/__pycache__/_mapping.cpython-312.pyc
usr/lib/python3.12/site-packages/pygments/formatters/__pycache__/html.cpython-312.pyc
usr/lib/python3.12/site-packages/pygments/lexers/__pycache__/__init__.cpython-312.pyc
usr/lib/python3.12/site-packages/pygments/lexers/__pycache__/_css_builtins.cpython-312.pyc
usr/lib/python3.12/site-packages/pygments/lexers/__pycache__/_lua_builtins.cpython-312.pyc
usr/lib/python3.12/site-packages/pygments/lexers/__pycache__/_mapping.cpython-312.pyc
usr/lib/python3.12/site-packages/pygments/lexers/__pycache__/_scheme_builtins.cpython-312.pyc
usr/lib/python3.12/site-packages/pygments/lexers/__pycache__/actionscript.cpython-312.pyc
usr/lib/python3.12/site-packages/pygments/lexers/__pycache__/agile.cpython-312.pyc
usr/lib/python3.12/site-packages/pygments/lexers/__pycache__/css.cpython-312.pyc
usr/lib/python3.12/site-packages/pygments/lexers/__pycache__/d.cpython-312.pyc
usr/lib/python3.12/site-packages/pygments/lexers/__pycache__/data.cpython-312.pyc
usr/lib/python3.12/site-packages/pygments/lexers/__pycache__/factor.cpython-312.pyc
usr/lib/python3.12/site-packages/pygments/lexers/__pycache__/html.cpython-312.pyc
usr/lib/python3.12/site-packages/pygments/lexers/__pycache__/iolang.cpython-312.pyc
usr/lib/python3.12/site-packages/pygments/lexers/__pycache__/javascript.cpython-312.pyc
usr/lib/python3.12/site-packages/pygments/lexers/__pycache__/jvm.cpython-312.pyc
usr/lib/python3.12/site-packages/pygments/lexers/__pycache__/lisp.cpython-312.pyc
usr/lib/python3.12/site-packages/pygments/lexers/__pycache__/perl.cpython-312.pyc
usr/lib/python3.12/site-packages/pygments/lexers/__pycache__/php.cpython-312.pyc
usr/lib/python3.12/site-packages/pygments/lexers/__pycache__/python.cpython-312.pyc
usr/lib/python3.12/site-packages/pygments/lexers/__pycache__/ruby.cpython-312.pyc
usr/lib/python3.12/site-packages/pygments/lexers/__pycache__/scripting.cpython-312.pyc
usr/lib/python3.12/site-packages/pygments/lexers/__pycache__/tcl.cpython-312.pyc
usr/lib/python3.12/site-packages/pygments/lexers/__pycache__/web.cpython-312.pyc
usr/lib/python3.12/site-packages/pygments/lexers/__pycache__/webmisc.cpython-312.pyc
usr/lib/python3.12/site-packages/pygments/styles/__pycache__/__init__.cpython-312.pyc
usr/lib/python3.12/site-packages/pygments/styles/__pycache__/_mapping.cpython-312.pyc
usr/lib/python3.12/site-packages/pygments/styles/__pycache__/default.cpython-312.pyc
pkgadd: listed file(s) already installed (use -f to ignore and overwrite)
prt-get: updating /usr/ports/contrib/python3-platformdirs
=======> Package '/var/build/packages/python3-platformdirs#4.3.7-2.pkg.tar.xz' is up to date.
prt-get: updating python3-platformdirs from 4.3.7-1 to 4.3.7-2
usr/lib/python3.12/site-packages/platformdirs/__pycache__/__init__.cpython-312.pyc
usr/lib/python3.12/site-packages/platformdirs/__pycache__/api.cpython-312.pyc
usr/lib/python3.12/site-packages/platformdirs/__pycache__/unix.cpython-312.pyc
usr/lib/python3.12/site-packages/platformdirs/__pycache__/version.cpython-312.pyc
pkgadd: listed file(s) already installed (use -f to ignore and overwrite)

-- Packages where update failed
python3-pyproject-hooks
python3-packaging
python3-wheel
python3-cython
python3-docutils
python3-setuptools-scm
python3-jinja2
python3-pyproject-metadata
python3-pip
python3-pyyaml
python3-setuptools-rust
python3-hatchling
python3-hatch-vcs
python3-pygments
python3-platformdirs
